<?xml version="1.0" encoding="UTF-8"?>
<!-- Generated by org.testng.reporters.JUnitReportReporter -->
<testsuite hostname="DESKTOP-7L0SS0D" failures="0" tests="1" name="selenium.automaton" time="0.016" errors="0" timestamp="2023-08-25T20:56:43 BDT" skipped="0">
  <testcase classname="selenium.automaton" name="aTesttitle" time="0.016"/>
  <system-out/>
</testsuite> <!-- selenium.automaton -->
